2022-10-01 21:52:16,281 - timer.py:(46) [DEBUG]: Executed job: update_messaging
2022-10-01 21:52:16,282 - timer.py:(46) [DEBUG]: Executed job: update_status
2022-10-02 18:00:17,106 - timer.py:(45) [DEBUG]: Running job: update_messaging
2022-10-02 18:00:17,849 - timer.py:(47) [DEBUG]: Executed job: update_messaging
2022-10-02 18:00:17,850 - timer.py:(45) [DEBUG]: Running job: update_status
2022-10-02 18:00:17,851 - timer.py:(47) [DEBUG]: Executed job: update_status
2022-10-02 18:00:17,852 - timer.py:(45) [DEBUG]: Running job: metering
2022-10-05 19:28:18,922 - timer.py:(45) [DEBUG]: Running job: update_messaging
2022-10-05 19:28:20,028 - timer.py:(47) [DEBUG]: Executed job: update_messaging
2022-10-05 19:28:20,029 - timer.py:(45) [DEBUG]: Running job: update_status
2022-10-05 19:28:20,029 - timer.py:(47) [DEBUG]: Executed job: update_status
2022-10-05 19:28:20,029 - timer.py:(45) [DEBUG]: Running job: metering
2022-10-10 14:50:48,849 - timer.py:(45) [DEBUG]: Running job: update_messaging
2022-10-10 14:50:50,787 - timer.py:(47) [DEBUG]: Executed job: update_messaging
2022-10-10 14:50:50,788 - timer.py:(45) [DEBUG]: Running job: update_status
2022-10-10 14:50:50,788 - timer.py:(47) [DEBUG]: Executed job: update_status
2022-10-10 14:50:50,789 - timer.py:(45) [DEBUG]: Running job: metering
2022-10-14 21:09:46,019 - timer.py:(45) [DEBUG]: Running job: update_messaging
2022-10-14 21:09:46,787 - timer.py:(47) [DEBUG]: Executed job: update_messaging
2022-10-14 21:09:46,788 - timer.py:(45) [DEBUG]: Running job: update_status
2022-10-14 21:09:46,788 - timer.py:(47) [DEBUG]: Executed job: update_status
2022-10-14 21:09:46,789 - timer.py:(45) [DEBUG]: Running job: metering
2022-10-20 20:18:19,881 - timer.py:(45) [DEBUG]: Running job: update_messaging
2022-10-20 20:18:20,437 - timer.py:(47) [DEBUG]: Executed job: update_messaging
2022-10-20 20:18:20,438 - timer.py:(45) [DEBUG]: Running job: update_status
2022-10-20 20:18:20,438 - timer.py:(47) [DEBUG]: Executed job: update_status
2022-10-20 20:18:20,439 - timer.py:(45) [DEBUG]: Running job: metering
2022-10-22 02:35:46,334 - timer.py:(45) [DEBUG]: Running job: update_messaging
2022-10-22 02:35:48,014 - timer.py:(47) [DEBUG]: Executed job: update_messaging
2022-10-22 02:35:48,014 - timer.py:(45) [DEBUG]: Running job: update_status
2022-10-22 02:35:48,015 - timer.py:(47) [DEBUG]: Executed job: update_status
2022-10-22 02:35:48,015 - timer.py:(45) [DEBUG]: Running job: metering
2022-10-23 02:54:10,891 - timer.py:(45) [DEBUG]: Running job: update_messaging
2022-10-23 02:54:12,252 - timer.py:(47) [DEBUG]: Executed job: update_messaging
2022-10-23 02:54:12,253 - timer.py:(45) [DEBUG]: Running job: update_status
2022-10-23 02:54:12,253 - timer.py:(47) [DEBUG]: Executed job: update_status
2022-10-23 02:54:12,268 - timer.py:(45) [DEBUG]: Running job: metering
