Building the main Guest Additions module for kernel 5.15.0-48-generic.
Error building the module.  Build output follows.
make V=1 CONFIG_MODULE_SIG= -C /lib/modules/5.15.0-48-generic/build SUBDIRS=/tmp/vbox.0 SRCROOT=/tmp/vbox.0 -j2 modules
make[1]: warning: -j2 forced in submake: resetting jobserver mode.
: "  SYNC    include/config/auto.conf.cmd"
make -f ./Makefile syncconfig
make -f ./scripts/Makefile.build obj=scripts/basic
make -f ./scripts/Makefile.build obj=scripts/kconfig syncconfig
  flex -oscripts/kconfig/lexer.lex.c -L scripts/kconfig/lexer.l
/bin/sh: 1: flex: not found
make[3]: *** [scripts/Makefile.host:9: scripts/kconfig/lexer.lex.c] Error 127
make[3]: *** Waiting for unfinished jobs....
  bison -o scripts/kconfig/parser.tab.c --defines=scripts/kconfig/parser.tab.h -t -l scripts/kconfig/parser.y
/bin/sh: 1: bison: not found
make[3]: *** [scripts/Makefile.host:17: scripts/kconfig/parser.tab.h] Error 127
make[2]: *** [Makefile:622: syncconfig] Error 2
make[1]: *** [Makefile:741: include/config/auto.conf.cmd] Error 2
make: *** [/tmp/vbox.0/Makefile.include.footer:106: vboxguest] Error 2
Building the main Guest Additions module for kernel 5.15.0-52-generic.
Error building the module.  Build output follows.
make V=1 CONFIG_MODULE_SIG= -C /lib/modules/5.15.0-52-generic/build SUBDIRS=/tmp/vbox.0 SRCROOT=/tmp/vbox.0 -j2 modules
make[1]: warning: -j2 forced in submake: resetting jobserver mode.
: "  SYNC    include/config/auto.conf.cmd"
make -f ./Makefile syncconfig
make -f ./scripts/Makefile.build obj=scripts/basic
  gcc -Wp,-MMD,scripts/basic/.fixdep.d -Wall -Wmissing-prototypes -Wstrict-prototypes -O2 -fomit-frame-pointer -std=gnu89         -o scripts/basic/fixdep scripts/basic/fixdep.c   
make -f ./scripts/Makefile.build obj=scripts/kconfig syncconfig
  gcc -Wp,-MMD,scripts/kconfig/.conf.o.d -Wall -Wmissing-prototypes -Wstrict-prototypes -O2 -fomit-frame-pointer -std=gnu89       -c -o scripts/kconfig/conf.o scripts/kconfig/conf.c
  gcc -Wp,-MMD,scripts/kconfig/.confdata.o.d -Wall -Wmissing-prototypes -Wstrict-prototypes -O2 -fomit-frame-pointer -std=gnu89       -c -o scripts/kconfig/confdata.o scripts/kconfig/confdata.c
  gcc -Wp,-MMD,scripts/kconfig/.expr.o.d -Wall -Wmissing-prototypes -Wstrict-prototypes -O2 -fomit-frame-pointer -std=gnu89       -c -o scripts/kconfig/expr.o scripts/kconfig/expr.c
  flex -oscripts/kconfig/lexer.lex.c -L scripts/kconfig/lexer.l
/bin/sh: 1: flex: not found
make[3]: *** [scripts/Makefile.host:9: scripts/kconfig/lexer.lex.c] Error 127
make[3]: *** Waiting for unfinished jobs....
make[2]: *** [Makefile:622: syncconfig] Error 2
make[1]: *** [Makefile:742: include/config/auto.conf.cmd] Error 2
make[1]: *** [include/config/auto.conf.cmd] Deleting file 'include/generated/autoconf.h'
make: *** [/tmp/vbox.0/Makefile.include.footer:106: vboxguest] Error 2
